<?xml version="1.0" encoding="UTF-8"?>
<testsuite xmlns:xsi="http://www.w3.org/2001/XMLSchema-instance" xsi:noNamespaceSchemaLocation="https://maven.apache.org/surefire/maven-surefire-plugin/xsd/surefire-test-report.xsd" version="3.0.1" name="ErrorTest0" time="0.438" tests="12" errors="3" skipped="0" failures="9">
  <properties>
[...]
</properties>
  <testcase name="test01" classname="ErrorTest0" time="0.002">
    <error message="Cannot invoke &quot;String.equals(Object)&quot; because &quot;this.logID&quot; is null" type="java.lang.NullPointerException"><![CDATA[java.lang.NullPointerException: Cannot invoke "String.equals(Object)" because "this.logID" is null
	at Model.Sensor.OccupancySensorData.equals(OccupancySensorData.java:26)
	at ErrorTest0.test01(ErrorTest0.java:26)
	at java.base/java.lang.reflect.Method.invoke(Method.java:580)
]]></error>
  </testcase>
  <testcase name="test02" classname="ErrorTest0" time="0.001">
    <error message="Cannot invoke &quot;String.equals(Object)&quot; because &quot;this.logID&quot; is null" type="java.lang.NullPointerException"><![CDATA[java.lang.NullPointerException: Cannot invoke "String.equals(Object)" because "this.logID" is null
	at Model.Sensor.OccupancySensorData.equals(OccupancySensorData.java:26)
	at ErrorTest0.test02(ErrorTest0.java:34)
	at java.base/java.lang.reflect.Method.invoke(Method.java:580)
]]></error>
  </testcase>
  <testcase name="test03" classname="ErrorTest0" time="0.003">
    <error message="Cannot invoke &quot;String.equals(Object)&quot; because &quot;this.id&quot; is null" type="java.lang.NullPointerException"><![CDATA[java.lang.NullPointerException: Cannot invoke "String.equals(Object)" because "this.id" is null
	at Model.Sensor.Sensor.equals(Sensor.java:63)
	at ErrorTest0.test03(ErrorTest0.java:42)
	at java.base/java.lang.reflect.Method.invoke(Method.java:580)
]]></error>
  </testcase>
  <testcase name="test04" classname="ErrorTest0" time="0.076">
    <failure message="Contract failed: equals-hashcode on occupancySensorDataList1 and occupancySensorDataList12" type="java.lang.AssertionError"><![CDATA[java.lang.AssertionError: Contract failed: equals-hashcode on occupancySensorDataList1 and occupancySensorDataList12
	at org.junit.Assert.fail(Assert.java:89)
	at org.junit.Assert.assertTrue(Assert.java:42)
	at ErrorTest0.test04(ErrorTest0.java:58)
	at java.base/java.lang.reflect.Method.invoke(Method.java:580)
]]></failure>
  </testcase>
  <testcase name="test05" classname="ErrorTest0" time="0.048">
    <failure message="Contract failed: equals-hashcode on occupancySensorDataList1 and occupancySensorDataList12" type="java.lang.AssertionError"><![CDATA[java.lang.AssertionError: Contract failed: equals-hashcode on occupancySensorDataList1 and occupancySensorDataList12
	at org.junit.Assert.fail(Assert.java:89)
	at org.junit.Assert.assertTrue(Assert.java:42)
	at ErrorTest0.test05(ErrorTest0.java:74)
	at java.base/java.lang.reflect.Method.invoke(Method.java:580)
]]></failure>
  </testcase>
  <testcase name="test06" classname="ErrorTest0" time="0.05">
    <failure message="Contract failed: equals-hashcode on occupancySensorDataList1 and occupancySensorDataList12" type="java.lang.AssertionError"><![CDATA[java.lang.AssertionError: Contract failed: equals-hashcode on occupancySensorDataList1 and occupancySensorDataList12
	at org.junit.Assert.fail(Assert.java:89)
	at org.junit.Assert.assertTrue(Assert.java:42)
	at ErrorTest0.test06(ErrorTest0.java:93)
	at java.base/java.lang.reflect.Method.invoke(Method.java:580)
]]></failure>
  </testcase>
  <testcase name="test07" classname="ErrorTest0" time="0.063">
    <failure message="Contract failed: equals-hashcode on occupancySensorData17 and occupancySensorData26" type="java.lang.AssertionError"><![CDATA[java.lang.AssertionError: Contract failed: equals-hashcode on occupancySensorData17 and occupancySensorData26
	at org.junit.Assert.fail(Assert.java:89)
	at org.junit.Assert.assertTrue(Assert.java:42)
	at ErrorTest0.test07(ErrorTest0.java:119)
	at java.base/java.lang.reflect.Method.invoke(Method.java:580)
]]></failure>
  </testcase>
  <testcase name="test08" classname="ErrorTest0" time="0.055">
    <failure message="Contract failed: equals-hashcode on scanIDSensorDataList11 and scanIDSensorDataList21" type="java.lang.AssertionError"><![CDATA[java.lang.AssertionError: Contract failed: equals-hashcode on scanIDSensorDataList11 and scanIDSensorDataList21
	at org.junit.Assert.fail(Assert.java:89)
	at org.junit.Assert.assertTrue(Assert.java:42)
	at ErrorTest0.test08(ErrorTest0.java:141)
	at java.base/java.lang.reflect.Method.invoke(Method.java:580)
]]></failure>
  </testcase>
  <testcase name="test09" classname="ErrorTest0" time="0.025">
    <failure message="Contract failed: equals-hashcode on occupancySensorDataList1 and occupancySensorDataList16" type="java.lang.AssertionError"><![CDATA[java.lang.AssertionError: Contract failed: equals-hashcode on occupancySensorDataList1 and occupancySensorDataList16
	at org.junit.Assert.fail(Assert.java:89)
	at org.junit.Assert.assertTrue(Assert.java:42)
	at ErrorTest0.test09(ErrorTest0.java:159)
	at java.base/java.lang.reflect.Method.invoke(Method.java:580)
]]></failure>
  </testcase>
  <testcase name="test10" classname="ErrorTest0" time="0.031">
    <failure message="Contract failed: equals-hashcode on occupancySensorDataList1 and occupancySensorDataList12" type="java.lang.AssertionError"><![CDATA[java.lang.AssertionError: Contract failed: equals-hashcode on occupancySensorDataList1 and occupancySensorDataList12
	at org.junit.Assert.fail(Assert.java:89)
	at org.junit.Assert.assertTrue(Assert.java:42)
	at ErrorTest0.test10(ErrorTest0.java:175)
	at java.base/java.lang.reflect.Method.invoke(Method.java:580)
]]></failure>
  </testcase>
  <testcase name="test11" classname="ErrorTest0" time="0.047">
    <failure message="Contract failed: equals-hashcode on occupancySensorDataList1 and occupancySensorDataList16" type="java.lang.AssertionError"><![CDATA[java.lang.AssertionError: Contract failed: equals-hashcode on occupancySensorDataList1 and occupancySensorDataList16
	at org.junit.Assert.fail(Assert.java:89)
	at org.junit.Assert.assertTrue(Assert.java:42)
	at ErrorTest0.test11(ErrorTest0.java:192)
	at java.base/java.lang.reflect.Method.invoke(Method.java:580)
]]></failure>
  </testcase>
  <testcase name="test12" classname="ErrorTest0" time="0.029">
    <failure message="Contract failed: equals-hashcode on scanIDSensorDataList11 and scanIDSensorDataList14" type="java.lang.AssertionError"><![CDATA[java.lang.AssertionError: Contract failed: equals-hashcode on scanIDSensorDataList11 and scanIDSensorDataList14
	at org.junit.Assert.fail(Assert.java:89)
	at org.junit.Assert.assertTrue(Assert.java:42)
	at ErrorTest0.test12(ErrorTest0.java:209)
	at java.base/java.lang.reflect.Method.invoke(Method.java:580)
]]></failure>
  </testcase>
</testsuite>